<?xml version="1.0" encoding="UTF-8"?>
<testng-results skipped="0" failed="1" total="2" passed="1">
  <reporter-output>
  </reporter-output>
  <suite name="Default suite" duration-ms="22836" started-at="2019-08-08T12:24:04Z" finished-at="2019-08-08T12:24:27Z">
    <groups>
    </groups>
    <test name="Default test" duration-ms="22836" started-at="2019-08-08T12:24:04Z" finished-at="2019-08-08T12:24:27Z">
      <class name="com.AutoIt.NewTours.AutoIt_OrangeHRM">
        <test-method status="PASS" signature="setUp()[pri:0, instance:com.AutoIt.NewTours.AutoIt_OrangeHRM@6adca536]" name="setUp" is-config="true" duration-ms="11716" started-at="2019-08-08T17:54:04Z" finished-at="2019-08-08T17:54:16Z">
          <reporter-output>
          </reporter-output>
        </test-method> <!-- setUp -->
        <test-method status="PASS" signature="orangHRM_AutoIt()[pri:1, instance:com.AutoIt.NewTours.AutoIt_OrangeHRM@6adca536]" name="orangHRM_AutoIt" duration-ms="7233" started-at="2019-08-08T17:54:16Z" finished-at="2019-08-08T17:54:23Z">
          <reporter-output>
          </reporter-output>
        </test-method> <!-- orangHRM_AutoIt -->
        <test-method status="FAIL" signature="pimElmnt()[pri:2, instance:com.AutoIt.NewTours.AutoIt_OrangeHRM@6adca536]" name="pimElmnt" duration-ms="3853" started-at="2019-08-08T17:54:23Z" finished-at="2019-08-08T17:54:27Z">
          <exception class="java.io.IOException">
            <message>
              <![CDATA[Cannot run program "E:\Janardhan_Selenium_Java\AutoIt\src\com\AutoIt\NewTours\Baby.JPG_AutoIT.2.exe": CreateProcess error=2, The system cannot find the file specified]]>
            </message>
            <full-stacktrace>
              <![CDATA[java.io.IOException: Cannot run program "E:\Janardhan_Selenium_Java\AutoIt\src\com\AutoIt\NewTours\Baby.JPG_AutoIT.2.exe": CreateProcess error=2, The system cannot find the file specified
	at java.lang.ProcessBuilder.start(Unknown Source)
	at java.lang.Runtime.exec(Unknown Source)
	at java.lang.Runtime.exec(Unknown Source)
	at java.lang.Runtime.exec(Unknown Source)
	at com.AutoIt.NewTours.AutoIt_OrangeHRM.pimElmnt(AutoIt_OrangeHRM.java:41)
	at sun.reflect.NativeMethodAccessorImpl.invoke0(Native Method)
	at sun.reflect.NativeMethodAccessorImpl.invoke(Unknown Source)
	at sun.reflect.DelegatingMethodAccessorImpl.invoke(Unknown Source)
	at java.lang.reflect.Method.invoke(Unknown Source)
	at org.testng.internal.MethodInvocationHelper.invokeMethod(MethodInvocationHelper.java:86)
	at org.testng.internal.Invoker.invokeMethod(Invoker.java:645)
	at org.testng.internal.Invoker.invokeTestMethod(Invoker.java:822)
	at org.testng.internal.Invoker.invokeTestMethods(Invoker.java:1130)
	at org.testng.internal.TestMethodWorker.invokeTestMethods(TestMethodWorker.java:129)
	at org.testng.internal.TestMethodWorker.run(TestMethodWorker.java:112)
	at org.testng.TestRunner.privateRun(TestRunner.java:782)
	at org.testng.TestRunner.run(TestRunner.java:632)
	at org.testng.SuiteRunner.runTest(SuiteRunner.java:366)
	at org.testng.SuiteRunner.runSequentially(SuiteRunner.java:361)
	at org.testng.SuiteRunner.privateRun(SuiteRunner.java:319)
	at org.testng.SuiteRunner.run(SuiteRunner.java:268)
	at org.testng.SuiteRunnerWorker.runSuite(SuiteRunnerWorker.java:52)
	at org.testng.SuiteRunnerWorker.run(SuiteRunnerWorker.java:86)
	at org.testng.TestNG.runSuitesSequentially(TestNG.java:1244)
	at org.testng.TestNG.runSuitesLocally(TestNG.java:1169)
	at org.testng.TestNG.run(TestNG.java:1064)
	at org.testng.remote.RemoteTestNG.run(RemoteTestNG.java:113)
	at org.testng.remote.RemoteTestNG.initAndRun(RemoteTestNG.java:206)
	at org.testng.remote.RemoteTestNG.main(RemoteTestNG.java:177)
Caused by: java.io.IOException: CreateProcess error=2, The system cannot find the file specified
	at java.lang.ProcessImpl.create(Native Method)
	at java.lang.ProcessImpl.<init>(Unknown Source)
	at java.lang.ProcessImpl.start(Unknown Source)
	... 29 more
]]>
            </full-stacktrace>
          </exception> <!-- java.io.IOException -->
          <reporter-output>
          </reporter-output>
        </test-method> <!-- pimElmnt -->
        <test-method status="PASS" signature="closedBrowser()[pri:0, instance:com.AutoIt.NewTours.AutoIt_OrangeHRM@6adca536]" name="closedBrowser" is-config="true" duration-ms="0" started-at="2019-08-08T17:54:27Z" finished-at="2019-08-08T17:54:27Z">
          <reporter-output>
          </reporter-output>
        </test-method> <!-- closedBrowser -->
      </class> <!-- com.AutoIt.NewTours.AutoIt_OrangeHRM -->
    </test> <!-- Default test -->
  </suite> <!-- Default suite -->
</testng-results>
